# JRE version: Java(TM) SE Runtime Environment (21.0.6+8) (build 21.0.6+8-LTS-188)
# Java VM: Java HotSpot(TM) 64-Bit Server VM (21.0.6+8-LTS-188, mixed mode, sharing, tiered, compressed oops, compressed class ptrs, parallel gc, windows-amd64)
GC Precious Log:
 CardTable entry size: 512
 CPUs: 4 total, 4 available
 Memory: 4000M
 Large Page Support: Disabled
 NUMA Support: Disabled
 Compressed Oops: Enabled (32-bit)
 Alignments: Space 512K, Generation 512K, Heap 2M
 Heap Min Capacity: 100M
 Heap Initial Capacity: 100M
 Heap Max Capacity: 2G
 Pre-touch: Disabled
 Parallel Workers: 4
Heap:
 PSYoungGen      total 17920K, used 12932K [0x00000000d5580000, 0x00000000d6f00000, 0x0000000100000000)
  eden space 12800K, 61% used [0x00000000d5580000,0x00000000d5d21ae8,0x00000000d6200000)
  from space 5120K, 99% used [0x00000000d6200000,0x00000000d66ff520,0x00000000d6700000)
  to   space 6144K, 0% used [0x00000000d6900000,0x00000000d6900000,0x00000000d6f00000)
 ParOldGen       total 317952K, used 275314K [0x0000000080000000, 0x0000000093680000, 0x00000000d5580000)
  object space 317952K, 86% used [0x0000000080000000,0x0000000090cdcae0,0x0000000093680000)
 Metaspace       used 76808K, committed 78464K, reserved 1179648K
  class space    used 7750K, committed 8512K, reserved 1048576K
GC Heap History (20 events):
Event: 108.485 GC heap before
{Heap before GC invocations=493 (full 18):
 PSYoungGen      total 16384K, used 16015K [0x00000000d5580000, 0x00000000d7180000, 0x0000000100000000)
  eden space 5632K, 100% used [0x00000000d5580000,0x00000000d5b00000,0x00000000d5b00000)
  from space 10752K, 96% used [0x00000000d6700000,0x00000000d7123f50,0x00000000d7180000)
  to   space 11264K, 0% used [0x00000000d5b80000,0x00000000d5b80000,0x00000000d6680000)
 ParOldGen       total 265216K, used 230599K [0x0000000080000000, 0x0000000090300000, 0x00000000d5580000)
  object space 265216K, 86% used [0x0000000080000000,0x000000008e131f28,0x0000000090300000)
 Metaspace       used 76008K, committed 77504K, reserved 1179648K
  class space    used 7696K, committed 8384K, reserved 1048576K
}
Event: 108.507 GC heap after
{Heap after GC invocations=493 (full 18):
 PSYoungGen      total 15872K, used 9311K [0x00000000d5580000, 0x00000000d7000000, 0x0000000100000000)
  eden space 6144K, 0% used [0x00000000d5580000,0x00000000d5580000,0x00000000d5b80000)
  from space 9728K, 95% used [0x00000000d5b80000,0x00000000d6497f20,0x00000000d6500000)
  to   space 10240K, 0% used [0x00000000d6600000,0x00000000d6600000,0x00000000d7000000)
 ParOldGen       total 265216K, used 234903K [0x0000000080000000, 0x0000000090300000, 0x00000000d5580000)
  object space 265216K, 88% used [0x0000000080000000,0x000000008e565f48,0x0000000090300000)
 Metaspace       used 76008K, committed 77504K, reserved 1179648K
  class space    used 7696K, committed 8384K, reserved 1048576K
}
Event: 108.536 GC heap before
{Heap before GC invocations=494 (full 18):
 PSYoungGen      total 15872K, used 15455K [0x00000000d5580000, 0x00000000d7000000, 0x0000000100000000)
  eden space 6144K, 100% used [0x00000000d5580000,0x00000000d5b80000,0x00000000d5b80000)
  from space 9728K, 95% used [0x00000000d5b80000,0x00000000d6497f20,0x00000000d6500000)
  to   space 10240K, 0% used [0x00000000d6600000,0x00000000d6600000,0x00000000d7000000)
 ParOldGen       total 265216K, used 234903K [0x0000000080000000, 0x0000000090300000, 0x00000000d5580000)
  object space 265216K, 88% used [0x0000000080000000,0x000000008e565f48,0x0000000090300000)
 Metaspace       used 76008K, committed 77504K, reserved 1179648K
  class space    used 7696K, committed 8384K, reserved 1048576K
}
Event: 108.554 GC heap after
{Heap after GC invocations=494 (full 18):
 PSYoungGen      total 17408K, used 9389K [0x00000000d5580000, 0x00000000d7000000, 0x0000000100000000)
  eden space 7168K, 0% used [0x00000000d5580000,0x00000000d5580000,0x00000000d5c80000)
  from space 10240K, 91% used [0x00000000d6600000,0x00000000d6f2b5e8,0x00000000d7000000)
  to   space 9728K, 0% used [0x00000000d5c80000,0x00000000d5c80000,0x00000000d6600000)
 ParOldGen       total 265216K, used 238295K [0x0000000080000000, 0x0000000090300000, 0x00000000d5580000)
  object space 265216K, 89% used [0x0000000080000000,0x000000008e8b5f58,0x0000000090300000)
 Metaspace       used 76008K, committed 77504K, reserved 1179648K
  class space    used 7696K, committed 8384K, reserved 1048576K
}
Event: 108.606 GC heap before
{Heap before GC invocations=495 (full 18):
 PSYoungGen      total 17408K, used 16557K [0x00000000d5580000, 0x00000000d7000000, 0x0000000100000000)
  eden space 7168K, 99% used [0x00000000d5580000,0x00000000d5c7ffa8,0x00000000d5c80000)
  from space 10240K, 91% used [0x00000000d6600000,0x00000000d6f2b5e8,0x00000000d7000000)
  to   space 9728K, 0% used [0x00000000d5c80000,0x00000000d5c80000,0x00000000d6600000)
 ParOldGen       total 265216K, used 238295K [0x0000000080000000, 0x0000000090300000, 0x00000000d5580000)
  object space 265216K, 89% used [0x0000000080000000,0x000000008e8b5f58,0x0000000090300000)
 Metaspace       used 76033K, committed 77568K, reserved 1179648K
  class space    used 7696K, committed 8384K, reserved 1048576K
}
Event: 108.625 GC heap after
{Heap after GC invocations=495 (full 18):
 PSYoungGen      total 16896K, used 8519K [0x00000000d5580000, 0x00000000d7000000, 0x0000000100000000)
  eden space 7168K, 0% used [0x00000000d5580000,0x00000000d5580000,0x00000000d5c80000)
  from space 9728K, 87% used [0x00000000d5c80000,0x00000000d64d1fe8,0x00000000d6600000)
  to   space 9216K, 0% used [0x00000000d6700000,0x00000000d6700000,0x00000000d7000000)
 ParOldGen       total 265216K, used 244095K [0x0000000080000000, 0x0000000090300000, 0x00000000d5580000)
  object space 265216K, 92% used [0x0000000080000000,0x000000008ee5ff58,0x0000000090300000)
 Metaspace       used 76033K, committed 77568K, reserved 1179648K
  class space    used 7696K, committed 8384K, reserved 1048576K
}
Event: 108.652 GC heap before
{Heap before GC invocations=496 (full 18):
 PSYoungGen      total 16896K, used 15571K [0x00000000d5580000, 0x00000000d7000000, 0x0000000100000000)
  eden space 7168K, 98% used [0x00000000d5580000,0x00000000d5c62e10,0x00000000d5c80000)
  from space 9728K, 87% used [0x00000000d5c80000,0x00000000d64d1fe8,0x00000000d6600000)
  to   space 9216K, 0% used [0x00000000d6700000,0x00000000d6700000,0x00000000d7000000)
 ParOldGen       total 265216K, used 244095K [0x0000000080000000, 0x0000000090300000, 0x00000000d5580000)
  object space 265216K, 92% used [0x0000000080000000,0x000000008ee5ff58,0x0000000090300000)
 Metaspace       used 76039K, committed 77568K, reserved 1179648K
  class space    used 7696K, committed 8384K, reserved 1048576K
}
Event: 108.670 GC heap after
{Heap after GC invocations=496 (full 18):
 PSYoungGen      total 14848K, used 5905K [0x00000000d5580000, 0x00000000d6d00000, 0x0000000100000000)
  eden space 8704K, 0% used [0x00000000d5580000,0x00000000d5580000,0x00000000d5e00000)
  from space 6144K, 96% used [0x00000000d6700000,0x00000000d6cc46b8,0x00000000d6d00000)
  to   space 7168K, 0% used [0x00000000d5f00000,0x00000000d5f00000,0x00000000d6600000)
 ParOldGen       total 265216K, used 252011K [0x0000000080000000, 0x0000000090300000, 0x00000000d5580000)
  object space 265216K, 95% used [0x0000000080000000,0x000000008f61adb0,0x0000000090300000)
 Metaspace       used 76039K, committed 77568K, reserved 1179648K
  class space    used 7696K, committed 8384K, reserved 1048576K
}
Event: 108.758 GC heap before
{Heap before GC invocations=497 (full 18):
 PSYoungGen      total 14848K, used 14609K [0x00000000d5580000, 0x00000000d6d00000, 0x0000000100000000)
  eden space 8704K, 100% used [0x00000000d5580000,0x00000000d5e00000,0x00000000d5e00000)
  from space 6144K, 96% used [0x00000000d6700000,0x00000000d6cc46b8,0x00000000d6d00000)
  to   space 7168K, 0% used [0x00000000d5f00000,0x00000000d5f00000,0x00000000d6600000)
 ParOldGen       total 265216K, used 252011K [0x0000000080000000, 0x0000000090300000, 0x00000000d5580000)
  object space 265216K, 95% used [0x0000000080000000,0x000000008f61adb0,0x0000000090300000)
 Metaspace       used 76056K, committed 77696K, reserved 1179648K
  class space    used 7698K, committed 8384K, reserved 1048576K
}
Event: 108.771 GC heap after
{Heap after GC invocations=497 (full 18):
 PSYoungGen      total 15360K, used 5149K [0x00000000d5580000, 0x00000000d6a80000, 0x0000000100000000)
  eden space 9728K, 0% used [0x00000000d5580000,0x00000000d5580000,0x00000000d5f00000)
  from space 5632K, 91% used [0x00000000d5f00000,0x00000000d6407548,0x00000000d6480000)
  to   space 5632K, 0% used [0x00000000d6500000,0x00000000d6500000,0x00000000d6a80000)
 ParOldGen       total 265216K, used 257620K [0x0000000080000000, 0x0000000090300000, 0x00000000d5580000)
  object space 265216K, 97% used [0x0000000080000000,0x000000008fb951a0,0x0000000090300000)
 Metaspace       used 76056K, committed 77696K, reserved 1179648K
  class space    used 7698K, committed 8384K, reserved 1048576K
}
Event: 108.864 GC heap before
{Heap before GC invocations=498 (full 19):
 PSYoungGen      total 15360K, used 14877K [0x00000000d5580000, 0x00000000d6a80000, 0x0000000100000000)
  eden space 9728K, 100% used [0x00000000d5580000,0x00000000d5f00000,0x00000000d5f00000)
  from space 5632K, 91% used [0x00000000d5f00000,0x00000000d6407548,0x00000000d6480000)
  to   space 5632K, 0% used [0x00000000d6500000,0x00000000d6500000,0x00000000d6a80000)
 ParOldGen       total 265216K, used 260350K [0x0000000080000000, 0x0000000090300000, 0x00000000d5580000)
  object space 265216K, 98% used [0x0000000080000000,0x000000008fe3f908,0x0000000090300000)
 Metaspace       used 76132K, committed 77824K, reserved 1179648K
  class space    used 7719K, committed 8448K, reserved 1048576K
}
Event: 109.445 GC heap after
{Heap after GC invocations=498 (full 19):
 PSYoungGen      total 15360K, used 2505K [0x00000000d5580000, 0x00000000d6b80000, 0x0000000100000000)
  eden space 9728K, 0% used [0x00000000d5580000,0x00000000d5580000,0x00000000d5f00000)
  from space 5632K, 44% used [0x00000000d5f00000,0x00000000d6172610,0x00000000d6480000)
  to   space 5632K, 0% used [0x00000000d6600000,0x00000000d6600000,0x00000000d6b80000)
 ParOldGen       total 317952K, used 265135K [0x0000000080000000, 0x0000000093680000, 0x00000000d5580000)
  object space 317952K, 83% used [0x0000000080000000,0x00000000902ebe38,0x0000000093680000)
 Metaspace       used 76132K, committed 77824K, reserved 1179648K
  class space    used 7719K, committed 8448K, reserved 1048576K
}
Event: 109.863 GC heap before
{Heap before GC invocations=499 (full 19):
 PSYoungGen      total 15360K, used 12233K [0x00000000d5580000, 0x00000000d6b80000, 0x0000000100000000)
  eden space 9728K, 100% used [0x00000000d5580000,0x00000000d5f00000,0x00000000d5f00000)
  from space 5632K, 44% used [0x00000000d5f00000,0x00000000d6172610,0x00000000d6480000)
  to   space 5632K, 0% used [0x00000000d6600000,0x00000000d6600000,0x00000000d6b80000)
 ParOldGen       total 317952K, used 265205K [0x0000000080000000, 0x0000000093680000, 0x00000000d5580000)
  object space 317952K, 83% used [0x0000000080000000,0x00000000902fd4e0,0x0000000093680000)
 Metaspace       used 76154K, committed 77824K, reserved 1179648K
  class space    used 7722K, committed 8448K, reserved 1048576K
}
Event: 109.918 GC heap after
{Heap after GC invocations=499 (full 19):
 PSYoungGen      total 16896K, used 5040K [0x00000000d5580000, 0x00000000d6b80000, 0x0000000100000000)
  eden space 11264K, 0% used [0x00000000d5580000,0x00000000d5580000,0x00000000d6080000)
  from space 5632K, 89% used [0x00000000d6600000,0x00000000d6aec248,0x00000000d6b80000)
  to   space 5632K, 0% used [0x00000000d6080000,0x00000000d6080000,0x00000000d6600000)
 ParOldGen       total 317952K, used 267653K [0x0000000080000000, 0x0000000093680000, 0x00000000d5580000)
  object space 317952K, 84% used [0x0000000080000000,0x00000000905614e0,0x0000000093680000)
 Metaspace       used 76154K, committed 77824K, reserved 1179648K
  class space    used 7722K, committed 8448K, reserved 1048576K
}
Event: 110.582 GC heap before
{Heap before GC invocations=500 (full 19):
 PSYoungGen      total 16896K, used 16304K [0x00000000d5580000, 0x00000000d6b80000, 0x0000000100000000)
  eden space 11264K, 100% used [0x00000000d5580000,0x00000000d6080000,0x00000000d6080000)
  from space 5632K, 89% used [0x00000000d6600000,0x00000000d6aec248,0x00000000d6b80000)
  to   space 5632K, 0% used [0x00000000d6080000,0x00000000d6080000,0x00000000d6600000)
 ParOldGen       total 317952K, used 267653K [0x0000000080000000, 0x0000000093680000, 0x00000000d5580000)
  object space 317952K, 84% used [0x0000000080000000,0x00000000905614e0,0x0000000093680000)
 Metaspace       used 76235K, committed 77888K, reserved 1179648K
  class space    used 7729K, committed 8448K, reserved 1048576K
}
Event: 110.599 GC heap after
{Heap after GC invocations=500 (full 19):
 PSYoungGen      total 16896K, used 5244K [0x00000000d5580000, 0x00000000d6d00000, 0x0000000100000000)
  eden space 11264K, 0% used [0x00000000d5580000,0x00000000d5580000,0x00000000d6080000)
  from space 5632K, 93% used [0x00000000d6080000,0x00000000d659f138,0x00000000d6600000)
  to   space 5632K, 0% used [0x00000000d6780000,0x00000000d6780000,0x00000000d6d00000)
 ParOldGen       total 317952K, used 272629K [0x0000000080000000, 0x0000000093680000, 0x00000000d5580000)
  object space 317952K, 85% used [0x0000000080000000,0x0000000090a3d690,0x0000000093680000)
 Metaspace       used 76235K, committed 77888K, reserved 1179648K
  class space    used 7729K, committed 8448K, reserved 1048576K
}
Event: 111.221 GC heap before
{Heap before GC invocations=501 (full 19):
 PSYoungGen      total 16896K, used 16508K [0x00000000d5580000, 0x00000000d6d00000, 0x0000000100000000)
  eden space 11264K, 100% used [0x00000000d5580000,0x00000000d6080000,0x00000000d6080000)
  from space 5632K, 93% used [0x00000000d6080000,0x00000000d659f138,0x00000000d6600000)
  to   space 5632K, 0% used [0x00000000d6780000,0x00000000d6780000,0x00000000d6d00000)
 ParOldGen       total 317952K, used 272629K [0x0000000080000000, 0x0000000093680000, 0x00000000d5580000)
  object space 317952K, 85% used [0x0000000080000000,0x0000000090a3d690,0x0000000093680000)
 Metaspace       used 76327K, committed 78016K, reserved 1179648K
  class space    used 7737K, committed 8512K, reserved 1048576K
}
Event: 111.232 GC heap after
{Heap after GC invocations=501 (full 19):
 PSYoungGen      total 17408K, used 4492K [0x00000000d5580000, 0x00000000d6c00000, 0x0000000100000000)
  eden space 12800K, 0% used [0x00000000d5580000,0x00000000d5580000,0x00000000d6200000)
  from space 4608K, 97% used [0x00000000d6780000,0x00000000d6be3370,0x00000000d6c00000)
  to   space 5120K, 0% used [0x00000000d6200000,0x00000000d6200000,0x00000000d6700000)
 ParOldGen       total 317952K, used 274622K [0x0000000080000000, 0x0000000093680000, 0x00000000d5580000)
  object space 317952K, 86% used [0x0000000080000000,0x0000000090c2faa0,0x0000000093680000)
 Metaspace       used 76327K, committed 78016K, reserved 1179648K
  class space    used 7737K, committed 8512K, reserved 1048576K
}
Event: 112.051 GC heap before
{Heap before GC invocations=502 (full 19):
 PSYoungGen      total 17408K, used 17292K [0x00000000d5580000, 0x00000000d6c00000, 0x0000000100000000)
  eden space 12800K, 100% used [0x00000000d5580000,0x00000000d6200000,0x00000000d6200000)
  from space 4608K, 97% used [0x00000000d6780000,0x00000000d6be3370,0x00000000d6c00000)
  to   space 5120K, 0% used [0x00000000d6200000,0x00000000d6200000,0x00000000d6700000)
 ParOldGen       total 317952K, used 274622K [0x0000000080000000, 0x0000000093680000, 0x00000000d5580000)
  object space 317952K, 86% used [0x0000000080000000,0x0000000090c2faa0,0x0000000093680000)
 Metaspace       used 76707K, committed 78400K, reserved 1179648K
  class space    used 7741K, committed 8512K, reserved 1048576K
}
Event: 112.057 GC heap after
{Heap after GC invocations=502 (full 19):
 PSYoungGen      total 17920K, used 5117K [0x00000000d5580000, 0x00000000d6f00000, 0x0000000100000000)
  eden space 12800K, 0% used [0x00000000d5580000,0x00000000d5580000,0x00000000d6200000)
  from space 5120K, 99% used [0x00000000d6200000,0x00000000d66ff520,0x00000000d6700000)
  to   space 6144K, 0% used [0x00000000d6900000,0x00000000d6900000,0x00000000d6f00000)
 ParOldGen       total 317952K, used 275314K [0x0000000080000000, 0x0000000093680000, 0x00000000d5580000)
  object space 317952K, 86% used [0x0000000080000000,0x0000000090cdcae0,0x0000000093680000)
 Metaspace       used 76707K, committed 78400K, reserved 1179648K
  class space    used 7741K, committed 8512K, reserved 1048576K
}

